pt2 = scale*pt2 and this is the common scale for renormalisation as well
as factorisation. '3' stands for K*, '5' for omega, and '6' for phi.

Scale=1
   1    4    3    .3921E+07  .1300E+01  .8783E+00  .2984E-02  .4421E-03
   1    4    3    .2903E+08  .1500E+01  .4554E+00  .1706E-02  .2490E-03
   1    4    3    .5244E+08  .1581E+01  .3543E+00  .1097E-02  .1570E-03
   1    4    3    .8489E+08  .1732E+01  .2268E+00  .6904E-03  .1043E-03
   1    4    3    .1112E+09  .2000E+01  .1099E+00  .6904E-03  .1043E-03
   1    4    3    .1184E+09  .2236E+01  .6160E-01  .3589E-03  .5423E-04
   1    4    3    .1257E+09  .2449E+01  .3814E-01  .3589E-03  .5423E-04
   1    4    3    .1297E+09  .2646E+01  .2529E-01  .1545E-03  .2168E-04
   1    4    3    .1375E+09  .2828E+01  .1765E-01  .1545E-03  .2168E-04
   1    4    3    .1414E+09  .3000E+01  .1284E-01  .1545E-03  .2168E-04
   1    4    3    .1444E+09  .3162E+01  .9645E-02  .6361E-04  .9029E-05
   1    4    3    .1511E+09  .3317E+01  .7425E-02  .6361E-04  .9029E-05
   1    4    3    .1551E+09  .3464E+01  .5844E-02  .6361E-04  .9029E-05
   1    4    3    .1576E+09  .3606E+01  .4686E-02  .6361E-04  .9029E-05
   1    4    3    .1599E+09  .3742E+01  .3818E-02  .2670E-04  .3940E-05
   1    4    3    .1655E+09  .3873E+01  .3154E-02  .2670E-04  .3940E-05
   1    4    3    .1694E+09  .4000E+01  .2638E-02  .2670E-04  .3940E-05
   1    4    3    .1721E+09  .4123E+01  .2226E-02  .2670E-04  .3940E-05
   1    4    3    .1745E+09  .4243E+01  .1890E-02  .1318E-04  .2301E-05
   1    4    3    .1798E+09  .4359E+01  .1627E-02  .6515E-05  .1232E-05
   1    4    3    .1968E+09  .4472E+01  .1411E-02  .3033E-05  .5117E-06
   1    4    3    .2508E+09  .5000E+01  .7589E-03  .1075E-05  .2101E-06
   1    4    3    .3499E+09  .5477E+01  .4545E-03  .3376E-06  .8499E-07
   1    4    3    .5916E+09  .5916E+01  .2941E-03  .1288E-06  .3163E-07
   1    4    3    .1412E+10  .7071E+01  .1067E-03  .2087E-07  .5705E-08
   1    4    3    .3329E+10  .7416E+01  .8118E-04  .1075E-05  .2101E-06
   1    4    3    .3330E+10  .7746E+01  .6323E-04  .3376E-06  .8499E-07
   1    4    3    .3335E+10  .8062E+01  .5022E-04  .1288E-06  .3163E-07
   1    4    3    .3400E+10  .8367E+01  .4053E-04  .2087E-07  .5705E-08
   1    4    3    .3678E+10  .8944E+01  .2753E-04  .3376E-06  .8499E-07
   1    4    3    .3691E+10  .9487E+01  .1956E-04  .2087E-07  .5705E-08
   1    4    3    .3756E+10  .1000E+02  .1439E-04  .3376E-06  .8499E-07
   1    4    3    .3760E+10  .1049E+02  .1089E-04  .2087E-07  .5705E-08
   1    4    3    .3780E+10  .1095E+02  .8435E-05  .1075E-05  .2101E-06
   1    4    3    .3780E+10  .1140E+02  .6668E-05  .3376E-06  .8499E-07
   1    4    3    .3780E+10  .1183E+02  .5363E-05  .1288E-06  .3163E-07
   1    4    3    .3781E+10  .1225E+02  .4377E-05  .2087E-07  .5705E-08
   1    4    3    .3784E+10  .1265E+02  .3618E-05  .3376E-06  .8499E-07
   1    4    3    .3784E+10  .1304E+02  .3025E-05  .2087E-07  .5705E-08
   1    4    3    .3786E+10  .1342E+02  .2555E-05  .2087E-07  .5705E-08
   1    4    3    .3787E+10  .1414E+02  .1868E-05  .1075E-05  .2101E-06
   1    4    3    .3787E+10  .1483E+02  .1406E-05  .3376E-06  .8499E-07
   1    4    3    .3787E+10  .1549E+02  .1085E-05  .1288E-06  .3163E-07
   1    4    3    .3787E+10  .1612E+02  .8542E-06  .2087E-07  .5705E-08
   1    4    3    .3787E+10  .1673E+02  .6843E-06  .2087E-07  .5705E-08
   1    4    3    .3787E+10  .1732E+02  .5565E-06  .2087E-07  .5705E-08
   1    4    3    .3788E+10  .1789E+02  .4585E-06  .2087E-07  .5705E-08
   1    4    3    .3788E+10  .1844E+02  .3819E-06  .2087E-07  .5705E-08
   1    4    3    .3788E+10  .1897E+02  .3214E-06  .2087E-07  .5705E-08
   1    4    3    .3788E+10  .1949E+02  .2730E-06  .2087E-07  .5705E-08
   1    4    3    .3788E+10  .2000E+02  .2337E-06  .2087E-07  .5705E-08


   1    4    5    .2467E+08  .1300E+01  .2017E+01  .2984E-02  .4421E-03
   1    4    5    .4650E+08  .1500E+01  .1042E+01  .1706E-02  .2490E-03
   1    4    5    .7884E+08  .1581E+01  .8076E+00  .1097E-02  .1570E-03
   1    4    5    .1089E+09  .1735E+01  .5117E+00  .6904E-03  .1043E-03
   1    4    5    .1168E+09  .2002E+01  .2476E+00  .6904E-03  .1043E-03
   1    4    5    .1249E+09  .2238E+01  .1387E+00  .3589E-03  .5423E-04
   1    4    5    .1282E+09  .2452E+01  .8587E-01  .3589E-03  .5423E-04
   1    4    5    .1365E+09  .2648E+01  .5695E-01  .1545E-03  .2168E-04
   1    4    5    .1409E+09  .2830E+01  .3977E-01  .1545E-03  .2168E-04
   1    4    5    .1431E+09  .3002E+01  .2893E-01  .1545E-03  .2168E-04
   1    4    5    .1501E+09  .3164E+01  .2174E-01  .6361E-04  .9029E-05
   1    4    5    .1545E+09  .3318E+01  .1674E-01  .6361E-04  .9029E-05
   1    4    5    .1572E+09  .3466E+01  .1318E-01  .6361E-04  .9029E-05
   1    4    5    .1589E+09  .3607E+01  .1058E-01  .6361E-04  .9029E-05
   1    4    5    .1647E+09  .3743E+01  .8621E-02  .2670E-04  .3940E-05
   1    4    5    .1688E+09  .3874E+01  .7126E-02  .2670E-04  .3940E-05
   1    4    5    .1717E+09  .4001E+01  .5960E-02  .2670E-04  .3940E-05
   1    4    5    .1737E+09  .4124E+01  .5033E-02  .2670E-04  .3940E-05
   1    4    5    .1779E+09  .4244E+01  .4278E-02  .1318E-04  .2301E-05
   1    4    5    .1887E+09  .4360E+01  .3684E-02  .6515E-05  .1232E-05
   1    4    5    .2357E+09  .4473E+01  .3197E-02  .3033E-05  .5117E-06
   1    4    5    .3179E+09  .5001E+01  .1722E-02  .1075E-05  .2101E-06
   1    4    5    .4974E+09  .5478E+01  .1033E-02  .3376E-06  .8499E-07
   1    4    5    .1039E+10  .5917E+01  .6692E-03  .1288E-06  .3163E-07
   1    4    5    .3233E+10  .7072E+01  .2435E-03  .2087E-07  .5705E-08
   1    4    5    .3329E+10  .7417E+01  .1855E-03  .1075E-05  .2101E-06
   1    4    5    .3333E+10  .7747E+01  .1446E-03  .3376E-06  .8499E-07
   1    4    5    .3349E+10  .8063E+01  .1149E-03  .1288E-06  .3163E-07
   1    4    5    .3664E+10  .8367E+01  .9285E-04  .2087E-07  .5705E-08
   1    4    5    .3679E+10  .8945E+01  .6317E-04  .3376E-06  .8499E-07
   1    4    5    .3753E+10  .9487E+01  .4494E-04  .2087E-07  .5705E-08
   1    4    5    .3756E+10  .1000E+02  .3312E-04  .3376E-06  .8499E-07
   1    4    5    .3779E+10  .1049E+02  .2509E-04  .2087E-07  .5705E-08
   1    4    5    .3780E+10  .1095E+02  .1947E-04  .1075E-05  .2101E-06
   1    4    5    .3780E+10  .1140E+02  .1541E-04  .3376E-06  .8499E-07
   1    4    5    .3780E+10  .1183E+02  .1241E-04  .1288E-06  .3163E-07
   1    4    5    .3784E+10  .1225E+02  .1014E-04  .2087E-07  .5705E-08
   1    4    5    .3784E+10  .1265E+02  .8389E-05  .3376E-06  .8499E-07
   1    4    5    .3786E+10  .1304E+02  .7022E-05  .2087E-07  .5705E-08
   1    4    5    .3787E+10  .1342E+02  .5937E-05  .2087E-07  .5705E-08
   1    4    5    .3787E+10  .1414E+02  .4350E-05  .1075E-05  .2101E-06
   1    4    5    .3787E+10  .1483E+02  .3281E-05  .3376E-06  .8499E-07
   1    4    5    .3787E+10  .1549E+02  .2536E-05  .1288E-06  .3163E-07
   1    4    5    .3787E+10  .1612E+02  .2000E-05  .2087E-07  .5705E-08
   1    4    5    .3787E+10  .1673E+02  .1605E-05  .2087E-07  .5705E-08
   1    4    5    .3787E+10  .1732E+02  .1308E-05  .2087E-07  .5705E-08
   1    4    5    .3788E+10  .1789E+02  .1079E-05  .2087E-07  .5705E-08
   1    4    5    .3788E+10  .1844E+02  .9003E-06  .2087E-07  .5705E-08
   1    4    5    .3788E+10  .1897E+02  .7588E-06  .2087E-07  .5705E-08
   1    4    5    .3788E+10  .1949E+02  .6454E-06  .2087E-07  .5705E-08
   1    4    5    .3788E+10  .2000E+02  .5535E-06  .2087E-07  .5705E-08


   1    4    6    .2571E+08  .1301E+01  .4538E+00  .2984E-02  .4421E-03
   1    4    6    .4738E+08  .1501E+01  .2360E+00  .1706E-02  .2490E-03
   1    4    6    .8019E+08  .1582E+01  .1836E+00  .1097E-02  .1570E-03
   1    4    6    .1101E+09  .1738E+01  .1158E+00  .6904E-03  .1043E-03
   1    4    6    .1171E+09  .2005E+01  .5645E-01  .6904E-03  .1043E-03
   1    4    6    .1252E+09  .2241E+01  .3172E-01  .3589E-03  .5423E-04
   1    4    6    .1283E+09  .2454E+01  .1968E-01  .3589E-03  .5423E-04
   1    4    6    .1369E+09  .2650E+01  .1307E-01  .1545E-03  .2168E-04
   1    4    6    .1410E+09  .2832E+01  .9132E-02  .1545E-03  .2168E-04
   1    4    6    .1432E+09  .3003E+01  .6647E-02  .1545E-03  .2168E-04
   1    4    6    .1504E+09  .3165E+01  .4998E-02  .6361E-04  .9029E-05
   1    4    6    .1547E+09  .3320E+01  .3850E-02  .6361E-04  .9029E-05
   1    4    6    .1573E+09  .3467E+01  .3032E-02  .6361E-04  .9029E-05
   1    4    6    .1590E+09  .3608E+01  .2433E-02  .6361E-04  .9029E-05
   1    4    6    .1649E+09  .3744E+01  .1983E-02  .2670E-04  .3940E-05
   1    4    6    .1690E+09  .3876E+01  .1639E-02  .2670E-04  .3940E-05
   1    4    6    .1718E+09  .4002E+01  .1371E-02  .2670E-04  .3940E-05
   1    4    6    .1738E+09  .4126E+01  .1158E-02  .2670E-04  .3940E-05
   1    4    6    .1781E+09  .4245E+01  .9826E-03  .1318E-04  .2301E-05
   1    4    6    .1892E+09  .4361E+01  .8462E-03  .6515E-05  .1232E-05
   1    4    6    .2378E+09  .4474E+01  .7341E-03  .3033E-05  .5117E-06
   1    4    6    .3214E+09  .5002E+01  .3951E-03  .1075E-05  .2101E-06
   1    4    6    .5052E+09  .5479E+01  .2368E-03  .3376E-06  .8499E-07
   1    4    6    .1062E+10  .5918E+01  .1533E-03  .1288E-06  .3163E-07
   1    4    6    .3328E+10  .7072E+01  .5567E-04  .2087E-07  .5705E-08
   1    4    6    .3329E+10  .7418E+01  .4237E-04  .1075E-05  .2101E-06
   1    4    6    .3333E+10  .7747E+01  .3301E-04  .3376E-06  .8499E-07
   1    4    6    .3349E+10  .8063E+01  .2623E-04  .1288E-06  .3163E-07
   1    4    6    .3678E+10  .8368E+01  .2117E-04  .2087E-07  .5705E-08
   1    4    6    .3679E+10  .8945E+01  .1438E-04  .3376E-06  .8499E-07
   1    4    6    .3756E+10  .9488E+01  .1022E-04  .2087E-07  .5705E-08
   1    4    6    .3756E+10  .1000E+02  .7522E-05  .3376E-06  .8499E-07
   1    4    6    .3780E+10  .1049E+02  .5691E-05  .2087E-07  .5705E-08
   1    4    6    .3780E+10  .1096E+02  .4410E-05  .1075E-05  .2101E-06
   1    4    6    .3780E+10  .1140E+02  .3487E-05  .3376E-06  .8499E-07
   1    4    6    .3780E+10  .1183E+02  .2804E-05  .1288E-06  .3163E-07
   1    4    6    .3784E+10  .1225E+02  .2289E-05  .2087E-07  .5705E-08
   1    4    6    .3784E+10  .1265E+02  .1893E-05  .3376E-06  .8499E-07
   1    4    6    .3786E+10  .1304E+02  .1583E-05  .2087E-07  .5705E-08
   1    4    6    .3787E+10  .1342E+02  .1337E-05  .2087E-07  .5705E-08
   1    4    6    .3787E+10  .1414E+02  .9774E-06  .1075E-05  .2101E-06
   1    4    6    .3787E+10  .1483E+02  .7360E-06  .3376E-06  .8499E-07
   1    4    6    .3787E+10  .1549E+02  .5678E-06  .1288E-06  .3163E-07
   1    4    6    .3787E+10  .1613E+02  .4470E-06  .2087E-07  .5705E-08
   1    4    6    .3787E+10  .1673E+02  .3582E-06  .2087E-07  .5705E-08
   1    4    6    .3787E+10  .1732E+02  .2913E-06  .2087E-07  .5705E-08
   1    4    6    .3788E+10  .1789E+02  .2400E-06  .2087E-07  .5705E-08
   1    4    6    .3788E+10  .1844E+02  .1999E-06  .2087E-07  .5705E-08
   1    4    6    .3788E+10  .1897E+02  .1683E-06  .2087E-07  .5705E-08
   1    4    6    .3788E+10  .1949E+02  .1429E-06  .2087E-07  .5705E-08
   1    4    6    .3788E+10  .2000E+02  .1224E-06  .2087E-07  .5705E-08


Scale=0.5

   1    4    3   0.1514E+09  .2000E+01  .1375E+00  .6904E-03  .1043E-03
   1    4    3   0.1629E+09  .2236E+01  .7840E-01  .3589E-03  .5423E-04
   1    4    3   0.1750E+09  .2449E+01  .4897E-01  .3589E-03  .5423E-04
   1    4    3   0.1815E+09  .2646E+01  .3261E-01  .1545E-03  .2168E-04
   1    4    3   0.1947E+09  .2828E+01  .2284E-01  .1545E-03  .2168E-04
   1    4    3   0.2012E+09  .3000E+01  .1661E-01  .1545E-03  .2168E-04
   1    4    3   0.2062E+09  .3162E+01  .1245E-01  .6361E-04  .9029E-05
   1    4    3   0.2175E+09  .3317E+01  .9586E-02  .6361E-04  .9029E-05
   1    4    3   0.2242E+09  .3464E+01  .7551E-02  .6361E-04  .9029E-05
   1    4    3   0.2283E+09  .3606E+01  .6052E-02  .6361E-04  .9029E-05
   1    4    3   0.2323E+09  .3742E+01  .4925E-02  .2670E-04  .3940E-05
   1    4    3   0.2417E+09  .3873E+01  .4058E-02  .2670E-04  .3940E-05
   1    4    3   0.2480E+09  .4000E+01  .3387E-02  .2670E-04  .3940E-05
   1    4    3   0.2525E+09  .4123E+01  .2861E-02  .2670E-04  .3940E-05
   1    4    3   0.2564E+09  .4243E+01  .2434E-02  .1318E-04  .2301E-05
   1    4    3   0.2652E+09  .4359E+01  .2090E-02  .6515E-05  .1232E-05
   1    4    3   0.2931E+09  .4472E+01  .1809E-02  .3033E-05  .5117E-06
   1    4    3   0.3809E+09  .5000E+01  .9592E-03  .1075E-05  .2101E-06
   1    4    3   0.5377E+09  .5477E+01  .5699E-03  .3376E-06  .8499E-07
   1    4    3   0.9137E+09  .5916E+01  .3660E-03  .1288E-06  .3163E-07
   1    4    3   0.2165E+10  .7071E+01  .1312E-03  .2087E-07  .5705E-08
   1    4    3   0.5034E+10  .7416E+01  .9985E-04  .1075E-05  .2101E-06
   1    4    3   0.5036E+10  .7746E+01  .7737E-04  .3376E-06  .8499E-07
   1    4    3   0.5044E+10  .8062E+01  .6132E-04  .1288E-06  .3163E-07
   1    4    3   0.5140E+10  .8367E+01  .4950E-04  .2087E-07  .5705E-08
   1    4    3   0.5551E+10  .8944E+01  .3355E-04  .3376E-06  .8499E-07
   1    4    3   0.5569E+10  .9487E+01  .2371E-04  .2087E-07  .5705E-08
   1    4    3   0.5666E+10  .1000E+02  .1740E-04  .3376E-06  .8499E-07
   1    4    3   0.5671E+10  .1049E+02  .1314E-04  .2087E-07  .5705E-08
   1    4    3   0.5700E+10  .1095E+02  .1017E-04  .1075E-05  .2101E-06
   1    4    3   0.5700E+10  .1140E+02  .8024E-05  .3376E-06  .8499E-07
   1    4    3   0.5701E+10  .1183E+02  .6439E-05  .1288E-06  .3163E-07
   1    4    3   0.5702E+10  .1225E+02  .5245E-05  .2087E-07  .5705E-08
   1    4    3   0.5706E+10  .1265E+02  .4327E-05  .3376E-06  .8499E-07
   1    4    3   0.5707E+10  .1304E+02  .3612E-05  .2087E-07  .5705E-08
   1    4    3   0.5709E+10  .1342E+02  .3046E-05  .2087E-07  .5705E-08
   1    4    3   0.5711E+10  .1414E+02  .2222E-05  .1075E-05  .2101E-06
   1    4    3   0.5711E+10  .1483E+02  .1670E-05  .3376E-06  .8499E-07
   1    4    3   0.5711E+10  .1549E+02  .1285E-05  .1288E-06  .3163E-07
   1    4    3   0.5711E+10  .1612E+02  .1010E-05  .2087E-07  .5705E-08
   1    4    3   0.5711E+10  .1673E+02  .8074E-06  .2087E-07  .5705E-08
   1    4    3   0.5711E+10  .1732E+02  .6555E-06  .2087E-07  .5705E-08
   1    4    3   0.5711E+10  .1789E+02  .5391E-06  .2087E-07  .5705E-08
   1    4    3   0.5711E+10  .1844E+02  .4487E-06  .2087E-07  .5705E-08
   1    4    3   0.5711E+10  .1897E+02  .3773E-06  .2087E-07  .5705E-08
   1    4    3   0.5711E+10  .1949E+02  .3200E-06  .2087E-07  .5705E-08
   1    4    3   0.5711E+10  .2000E+02  .2737E-06  .2087E-07  .5705E-08



   1    4    5   0.1604E+09  .2002E+01  .3133E+00  .6904E-03  .1043E-03
   1    4    5   0.1736E+09  .2238E+01  .1779E+00  .3589E-03  .5423E-04
   1    4    5   0.1791E+09  .2452E+01  .1108E+00  .3589E-03  .5423E-04
   1    4    5   0.1930E+09  .2648E+01  .7366E-01  .1545E-03  .2168E-04
   1    4    5   0.2004E+09  .2830E+01  .5159E-01  .1545E-03  .2168E-04
   1    4    5   0.2042E+09  .3002E+01  .3745E-01  .1545E-03  .2168E-04
   1    4    5   0.2159E+09  .3164E+01  .2811E-01  .6361E-04  .9029E-05
   1    4    5   0.2232E+09  .3318E+01  .2168E-01  .6361E-04  .9029E-05
   1    4    5   0.2277E+09  .3466E+01  .1704E-01  .6361E-04  .9029E-05
   1    4    5   0.2306E+09  .3607E+01  .1366E-01  .6361E-04  .9029E-05
   1    4    5   0.2402E+09  .3743E+01  .1112E-01  .2670E-04  .3940E-05
   1    4    5   0.2470E+09  .3874E+01  .9163E-02  .2670E-04  .3940E-05
   1    4    5   0.2518E+09  .4001E+01  .7649E-02  .2670E-04  .3940E-05
   1    4    5   0.2552E+09  .4124E+01  .6453E-02  .2670E-04  .3940E-05
   1    4    5   0.2621E+09  .4244E+01  .5492E-02  .1318E-04  .2301E-05
   1    4    5   0.2799E+09  .4360E+01  .4721E-02  .6515E-05  .1232E-05
   1    4    5   0.3568E+09  .4473E+01  .4086E-02  .3033E-05  .5117E-06
   1    4    5   0.4872E+09  .5001E+01  .2166E-02  .1075E-05  .2101E-06
   1    4    5   0.7677E+09  .5478E+01  .1289E-02  .3376E-06  .8499E-07
   1    4    5   0.1599E+10  .5917E+01  .8285E-03  .1288E-06  .3163E-07
   1    4    5   0.4890E+10  .7072E+01  .2978E-03  .2087E-07  .5705E-08
   1    4    5   0.5035E+10  .7417E+01  .2266E-03  .1075E-05  .2101E-06
   1    4    5   0.5040E+10  .7747E+01  .1767E-03  .3376E-06  .8499E-07
   1    4    5   0.5064E+10  .8063E+01  .1398E-03  .1288E-06  .3163E-07
   1    4    5   0.5531E+10  .8367E+01  .1128E-03  .2087E-07  .5705E-08
   1    4    5   0.5552E+10  .8945E+01  .7656E-04  .3376E-06  .8499E-07
   1    4    5   0.5661E+10  .9487E+01  .5461E-04  .2087E-07  .5705E-08
   1    4    5   0.5666E+10  .1000E+02  .3985E-04  .3376E-06  .8499E-07
   1    4    5   0.5699E+10  .1049E+02  .3012E-04  .2087E-07  .5705E-08
   1    4    5   0.5700E+10  .1095E+02  .2334E-04  .1075E-05  .2101E-06
   1    4    5   0.5701E+10  .1140E+02  .1844E-04  .3376E-06  .8499E-07
   1    4    5   0.5701E+10  .1183E+02  .1481E-04  .1288E-06  .3163E-07
   1    4    5   0.5706E+10  .1225E+02  .1208E-04  .2087E-07  .5705E-08
   1    4    5   0.5706E+10  .1265E+02  .9976E-05  .3376E-06  .8499E-07
   1    4    5   0.5709E+10  .1304E+02  .8335E-05  .2087E-07  .5705E-08
   1    4    5   0.5711E+10  .1342E+02  .7035E-05  .2087E-07  .5705E-08
   1    4    5   0.5711E+10  .1414E+02  .5144E-05  .1075E-05  .2101E-06
   1    4    5   0.5711E+10  .1483E+02  .3871E-05  .3376E-06  .8499E-07
   1    4    5   0.5711E+10  .1549E+02  .2984E-05  .1288E-06  .3163E-07
   1    4    5   0.5711E+10  .1612E+02  .2348E-05  .2087E-07  .5705E-08
   1    4    5   0.5711E+10  .1673E+02  .1881E-05  .2087E-07  .5705E-08
   1    4    5   0.5711E+10  .1732E+02  .1529E-05  .2087E-07  .5705E-08
   1    4    5   0.5711E+10  .1789E+02  .1260E-05  .2087E-07  .5705E-08
   1    4    5   0.5711E+10  .1844E+02  .1050E-05  .2087E-07  .5705E-08
   1    4    5   0.5711E+10  .1897E+02  .8840E-06  .2087E-07  .5705E-08
   1    4    5   0.5711E+10  .1949E+02  .7507E-06  .2087E-07  .5705E-08
   1    4    5   0.5711E+10  .2000E+02  .6427E-06  .2087E-07  .5705E-08


   1    4    6   0.1608E+09  .2005E+01  .7051E-01  .6904E-03  .1043E-03
   1    4    6   0.1741E+09  .2241E+01  .4037E-01  .3589E-03  .5423E-04
   1    4    6   0.1793E+09  .2454E+01  .2524E-01  .3589E-03  .5423E-04
   1    4    6   0.1936E+09  .2650E+01  .1684E-01  .1545E-03  .2168E-04
   1    4    6   0.2006E+09  .2832E+01  .1181E-01  .1545E-03  .2168E-04
   1    4    6   0.2043E+09  .3003E+01  .8593E-02  .1545E-03  .2168E-04
   1    4    6   0.2164E+09  .3165E+01  .6452E-02  .6361E-04  .9029E-05
   1    4    6   0.2235E+09  .3320E+01  .4973E-02  .6361E-04  .9029E-05
   1    4    6   0.2279E+09  .3467E+01  .3918E-02  .6361E-04  .9029E-05
   1    4    6   0.2307E+09  .3608E+01  .3145E-02  .6361E-04  .9029E-05
   1    4    6   0.2406E+09  .3744E+01  .2555E-02  .2670E-04  .3940E-05
   1    4    6   0.2473E+09  .3876E+01  .2110E-02  .2670E-04  .3940E-05
   1    4    6   0.2520E+09  .4002E+01  .1760E-02  .2670E-04  .3940E-05
   1    4    6   0.2553E+09  .4126E+01  .1487E-02  .2670E-04  .3940E-05
   1    4    6   0.2624E+09  .4245E+01  .1265E-02  .1318E-04  .2301E-05
   1    4    6   0.2806E+09  .4361E+01  .1087E-02  .6515E-05  .1232E-05
   1    4    6   0.3601E+09  .4474E+01  .9411E-03  .3033E-05  .5117E-06
   1    4    6   0.4928E+09  .5002E+01  .4963E-03  .1075E-05  .2101E-06
   1    4    6   0.7799E+09  .5479E+01  .2971E-03  .3376E-06  .8499E-07
   1    4    6   0.1636E+10  .5918E+01  .1910E-03  .1288E-06  .3163E-07
   1    4    6   0.5034E+10  .7072E+01  .6847E-04  .2087E-07  .5705E-08
   1    4    6   0.5035E+10  .7418E+01  .5200E-04  .1075E-05  .2101E-06
   1    4    6   0.5041E+10  .7747E+01  .4040E-04  .3376E-06  .8499E-07
   1    4    6   0.5065E+10  .8063E+01  .3203E-04  .1288E-06  .3163E-07
   1    4    6   0.5551E+10  .8368E+01  .2582E-04  .2087E-07  .5705E-08
   1    4    6   0.5552E+10  .8945E+01  .1751E-04  .3376E-06  .8499E-07
   1    4    6   0.5666E+10  .9488E+01  .1240E-04  .2087E-07  .5705E-08
   1    4    6   0.5666E+10  .1000E+02  .9097E-05  .3376E-06  .8499E-07
   1    4    6   0.5700E+10  .1049E+02  .6871E-05  .2087E-07  .5705E-08
   1    4    6   0.5700E+10  .1096E+02  .5318E-05  .1075E-05  .2101E-06
   1    4    6   0.5701E+10  .1140E+02  .4198E-05  .3376E-06  .8499E-07
   1    4    6   0.5701E+10  .1183E+02  .3368E-05  .1288E-06  .3163E-07
   1    4    6   0.5706E+10  .1225E+02  .2744E-05  .2087E-07  .5705E-08
   1    4    6   0.5706E+10  .1265E+02  .2275E-05  .3376E-06  .8499E-07
   1    4    6   0.5709E+10  .1304E+02  .1891E-05  .2087E-07  .5705E-08
   1    4    6   0.5711E+10  .1342E+02  .1594E-05  .2087E-07  .5705E-08
   1    4    6   0.5711E+10  .1414E+02  .1164E-05  .1075E-05  .2101E-06
   1    4    6   0.5711E+10  .1483E+02  .8747E-06  .3376E-06  .8499E-07
   1    4    6   0.5711E+10  .1549E+02  .6732E-06  .1288E-06  .3163E-07
   1    4    6   0.5711E+10  .1613E+02  .5289E-06  .2087E-07  .5705E-08
   1    4    6   0.5711E+10  .1673E+02  .4230E-06  .2087E-07  .5705E-08
   1    4    6   0.5711E+10  .1732E+02  .3432E-06  .2087E-07  .5705E-08
   1    4    6   0.5711E+10  .1789E+02  .2825E-06  .2087E-07  .5705E-08
   1    4    6   0.5711E+10  .1844E+02  .2352E-06  .2087E-07  .5705E-08
   1    4    6   0.5711E+10  .1897E+02  .1977E-06  .2087E-07  .5705E-08
   1    4    6   0.5711E+10  .1949E+02  .1678E-06  .2087E-07  .5705E-08
   1    4    6   0.5711E+10  .2000E+02  .1434E-06  .2087E-07  .5705E-08


Scale=2
   1    4    3   0.3342E+07  .1300E+01  .8111E+00  .2984E-02  .4421E-03
   1    4    3   0.2457E+08  .1500E+01  .4103E+00  .1706E-02  .2490E-03
   1    4    3   0.4278E+08  .1581E+01  .3127E+00  .1097E-02  .1570E-03
   1    4    3   0.6760E+08  .1732E+01  .1978E+00  .6904E-03  .1043E-03
   1    4    3   0.8740E+08  .2000E+01  .9514E-01  .6904E-03  .1043E-03
   1    4    3   0.9267E+08  .2236E+01  .5294E-01  .3589E-03  .5423E-04
   1    4    3   0.9804E+08  .2449E+01  .3266E-01  .3589E-03  .5423E-04
   1    4    3   0.1009E+09  .2646E+01  .2165E-01  .1545E-03  .2168E-04
   1    4    3   0.1067E+09  .2828E+01  .1513E-01  .1545E-03  .2168E-04
   1    4    3   0.1095E+09  .3000E+01  .1096E-01  .1545E-03  .2168E-04
   1    4    3   0.1117E+09  .3162E+01  .8263E-02  .6361E-04  .9029E-05
   1    4    3   0.1166E+09  .3317E+01  .6394E-02  .6361E-04  .9029E-05
   1    4    3   0.1195E+09  .3464E+01  .5051E-02  .6361E-04  .9029E-05
   1    4    3   0.1214E+09  .3606E+01  .4064E-02  .6361E-04  .9029E-05
   1    4    3   0.1232E+09  .3742E+01  .3319E-02  .2670E-04  .3940E-05
   1    4    3   0.1274E+09  .3873E+01  .2748E-02  .2670E-04  .3940E-05
   1    4    3   0.1303E+09  .4000E+01  .2302E-02  .2670E-04  .3940E-05
   1    4    3   0.1324E+09  .4123E+01  .1949E-02  .2670E-04  .3940E-05
   1    4    3   0.1342E+09  .4243E+01  .1665E-02  .1318E-04  .2301E-05
   1    4    3   0.1383E+09  .4359E+01  .1435E-02  .6515E-05  .1232E-05
   1    4    3   0.1515E+09  .4472E+01  .1245E-02  .3033E-05  .5117E-06
   1    4    3   0.1936E+09  .5000E+01  .6698E-03  .1075E-05  .2101E-06
   1    4    3   0.2709E+09  .5477E+01  .4024E-03  .3376E-06  .8499E-07
   1    4    3   0.4610E+09  .5916E+01  .2609E-03  .1288E-06  .3163E-07
   1    4    3   0.1109E+10  .7071E+01  .9514E-04  .2087E-07  .5705E-08
   1    4    3   0.2633E+10  .7416E+01  .7247E-04  .1075E-05  .2101E-06
   1    4    3   0.2634E+10  .7746E+01  .5645E-04  .3376E-06  .8499E-07
   1    4    3   0.2639E+10  .8062E+01  .4487E-04  .1288E-06  .3163E-07
   1    4    3   0.2690E+10  .8367E+01  .3625E-04  .2087E-07  .5705E-08
   1    4    3   0.2913E+10  .8944E+01  .2470E-04  .3376E-06  .8499E-07
   1    4    3   0.2923E+10  .9487E+01  .1758E-04  .2087E-07  .5705E-08
   1    4    3   0.2976E+10  .1000E+02  .1295E-04  .3376E-06  .8499E-07
   1    4    3   0.2979E+10  .1049E+02  .9818E-05  .2087E-07  .5705E-08
   1    4    3   0.2996E+10  .1095E+02  .7615E-05  .1075E-05  .2101E-06
   1    4    3   0.2996E+10  .1140E+02  .6028E-05  .3376E-06  .8499E-07
   1    4    3   0.2996E+10  .1183E+02  .4853E-05  .1288E-06  .3163E-07
   1    4    3   0.2996E+10  .1225E+02  .3966E-05  .2087E-07  .5705E-08
   1    4    3   0.2999E+10  .1265E+02  .3281E-05  .3376E-06  .8499E-07
   1    4    3   0.2999E+10  .1304E+02  .2745E-05  .2087E-07  .5705E-08
   1    4    3   0.3001E+10  .1342E+02  .2319E-05  .2087E-07  .5705E-08
   1    4    3   0.3002E+10  .1414E+02  .1698E-05  .1075E-05  .2101E-06
   1    4    3   0.3002E+10  .1483E+02  .1280E-05  .3376E-06  .8499E-07
   1    4    3   0.3002E+10  .1549E+02  .9896E-06  .1288E-06  .3163E-07
   1    4    3   0.3002E+10  .1612E+02  .7801E-06  .2087E-07  .5705E-08
   1    4    3   0.3002E+10  .1673E+02  .6256E-06  .2087E-07  .5705E-08
   1    4    3   0.3002E+10  .1732E+02  .5090E-06  .2087E-07  .5705E-08
   1    4    3   0.3002E+10  .1789E+02  .4190E-06  .2087E-07  .5705E-08
   1    4    3   0.3002E+10  .1844E+02  .3495E-06  .2087E-07  .5705E-08
   1    4    3   0.3002E+10  .1897E+02  .2947E-06  .2087E-07  .5705E-08
   1    4    3   0.3002E+10  .1949E+02  .2505E-06  .2087E-07  .5705E-08
   1    4    3   0.3002E+10  .2000E+02  .2147E-06  .2087E-07  .5705E-08


   1    4    5   0.2099E+08  .1300E+01  .1860E+01  .2984E-02  .4421E-03
   1    4    5   0.3813E+08  .1500E+01  .9185E+00  .1706E-02  .2490E-03
   1    4    5   0.6298E+08  .1581E+01  .7067E+00  .1097E-02  .1570E-03
   1    4    5   0.8565E+08  .1735E+01  .4437E+00  .6904E-03  .1043E-03
   1    4    5   0.9152E+08  .2002E+01  .2124E+00  .6904E-03  .1043E-03
   1    4    5   0.9744E+08  .2238E+01  .1188E+00  .3589E-03  .5423E-04
   1    4    5   0.9986E+08  .2452E+01  .7337E-01  .3589E-03  .5423E-04
   1    4    5   0.1059E+09  .2648E+01  .4866E-01  .1545E-03  .2168E-04
   1    4    5   0.1091E+09  .2830E+01  .3404E-01  .1545E-03  .2168E-04
   1    4    5   0.1108E+09  .3002E+01  .2466E-01  .1545E-03  .2168E-04
   1    4    5   0.1159E+09  .3164E+01  .1861E-01  .6361E-04  .9029E-05
   1    4    5   0.1191E+09  .3318E+01  .1440E-01  .6361E-04  .9029E-05
   1    4    5   0.1211E+09  .3466E+01  .1139E-01  .6361E-04  .9029E-05
   1    4    5   0.1224E+09  .3607E+01  .9172E-02  .6361E-04  .9029E-05
   1    4    5   0.1268E+09  .3743E+01  .7493E-02  .2670E-04  .3940E-05
   1    4    5   0.1299E+09  .3874E+01  .6207E-02  .2670E-04  .3940E-05
   1    4    5   0.1321E+09  .4001E+01  .5203E-02  .2670E-04  .3940E-05
   1    4    5   0.1336E+09  .4124E+01  .4411E-02  .2670E-04  .3940E-05
   1    4    5   0.1369E+09  .4244E+01  .3767E-02  .1318E-04  .2301E-05
   1    4    5   0.1453E+09  .4360E+01  .3248E-02  .6515E-05  .1232E-05
   1    4    5   0.1818E+09  .4473E+01  .2820E-02  .3033E-05  .5117E-06
   1    4    5   0.2458E+09  .5001E+01  .1519E-02  .1075E-05  .2101E-06
   1    4    5   0.3870E+09  .5478E+01  .9161E-03  .3376E-06  .8499E-07
   1    4    5   0.8129E+09  .5917E+01  .5935E-03  .1288E-06  .3163E-07
   1    4    5   0.2557E+10  .7072E+01  .2171E-03  .2087E-07  .5705E-08
   1    4    5   0.2634E+10  .7417E+01  .1655E-03  .1075E-05  .2101E-06
   1    4    5   0.2636E+10  .7747E+01  .1292E-03  .3376E-06  .8499E-07
   1    4    5   0.2649E+10  .8063E+01  .1028E-03  .1288E-06  .3163E-07
   1    4    5   0.2902E+10  .8367E+01  .8313E-04  .2087E-07  .5705E-08
   1    4    5   0.2914E+10  .8945E+01  .5671E-04  .3376E-06  .8499E-07
   1    4    5   0.2973E+10  .9487E+01  .4044E-04  .2087E-07  .5705E-08
   1    4    5   0.2976E+10  .1000E+02  .2983E-04  .3376E-06  .8499E-07
   1    4    5   0.2995E+10  .1049E+02  .2264E-04  .2087E-07  .5705E-08
   1    4    5   0.2996E+10  .1095E+02  .1759E-04  .1075E-05  .2101E-06
   1    4    5   0.2996E+10  .1140E+02  .1395E-04  .3376E-06  .8499E-07
   1    4    5   0.2996E+10  .1183E+02  .1124E-04  .1288E-06  .3163E-07
   1    4    5   0.2999E+10  .1225E+02  .9198E-05  .2087E-07  .5705E-08
   1    4    5   0.2999E+10  .1265E+02  .7620E-05  .3376E-06  .8499E-07
   1    4    5   0.3000E+10  .1304E+02  .6381E-05  .2087E-07  .5705E-08
   1    4    5   0.3002E+10  .1342E+02  .5397E-05  .2087E-07  .5705E-08
   1    4    5   0.3002E+10  .1414E+02  .3962E-05  .1075E-05  .2101E-06
   1    4    5   0.3002E+10  .1483E+02  .2994E-05  .3376E-06  .8499E-07
   1    4    5   0.3002E+10  .1549E+02  .2318E-05  .1288E-06  .3163E-07
   1    4    5   0.3002E+10  .1612E+02  .1830E-05  .2087E-07  .5705E-08
   1    4    5   0.3002E+10  .1673E+02  .1471E-05  .2087E-07  .5705E-08
   1    4    5   0.3002E+10  .1732E+02  .1199E-05  .2087E-07  .5705E-08
   1    4    5   0.3002E+10  .1789E+02  .9899E-06  .2087E-07  .5705E-08
   1    4    5   0.3002E+10  .1844E+02  .8267E-06  .2087E-07  .5705E-08
   1    4    5   0.3002E+10  .1897E+02  .6975E-06  .2087E-07  .5705E-08
   1    4    5   0.3002E+10  .1949E+02  .5938E-06  .2087E-07  .5705E-08
   1    4    5   0.3002E+10  .2000E+02  .5096E-06  .2087E-07  .5705E-08


   1    4    6   0.2188E+08  .1301E+01  .4203E+00  .2984E-02  .4421E-03
   1    4    6   0.3884E+08  .1501E+01  .2108E+00  .1706E-02  .2490E-03
   1    4    6   0.6403E+08  .1582E+01  .1625E+00  .1097E-02  .1570E-03
   1    4    6   0.8658E+08  .1738E+01  .1013E+00  .6904E-03  .1043E-03
   1    4    6   0.9173E+08  .2005E+01  .4866E-01  .6904E-03  .1043E-03
   1    4    6   0.9769E+08  .2241E+01  .2727E-01  .3589E-03  .5423E-04
   1    4    6   0.9995E+08  .2454E+01  .1688E-01  .3589E-03  .5423E-04
   1    4    6   0.1062E+09  .2650E+01  .1120E-01  .1545E-03  .2168E-04
   1    4    6   0.1092E+09  .2832E+01  .7843E-02  .1545E-03  .2168E-04
   1    4    6   0.1108E+09  .3003E+01  .5684E-02  .1545E-03  .2168E-04
   1    4    6   0.1161E+09  .3165E+01  .4284E-02  .6361E-04  .9029E-05
   1    4    6   0.1192E+09  .3320E+01  .3318E-02  .6361E-04  .9029E-05
   1    4    6   0.1212E+09  .3467E+01  .2622E-02  .6361E-04  .9029E-05
   1    4    6   0.1225E+09  .3608E+01  .2110E-02  .6361E-04  .9029E-05
   1    4    6   0.1269E+09  .3744E+01  .1723E-02  .2670E-04  .3940E-05
   1    4    6   0.1300E+09  .3876E+01  .1428E-02  .2670E-04  .3940E-05
   1    4    6   0.1321E+09  .4002E+01  .1192E-02  .2670E-04  .3940E-05
   1    4    6   0.1337E+09  .4126E+01  .1013E-02  .2670E-04  .3940E-05
   1    4    6   0.1370E+09  .4245E+01  .8664E-03  .1318E-04  .2301E-05
   1    4    6   0.1456E+09  .4361E+01  .7473E-03  .6515E-05  .1232E-05
   1    4    6   0.1834E+09  .4474E+01  .6483E-03  .3033E-05  .5117E-06
   1    4    6   0.2485E+09  .5002E+01  .3489E-03  .1075E-05  .2101E-06
   1    4    6   0.3931E+09  .5479E+01  .2099E-03  .3376E-06  .8499E-07
   1    4    6   0.8314E+09  .5918E+01  .1361E-03  .1288E-06  .3163E-07
   1    4    6   0.2633E+10  .7072E+01  .4966E-04  .2087E-07  .5705E-08
   1    4    6   0.2634E+10  .7418E+01  .3784E-04  .1075E-05  .2101E-06
   1    4    6   0.2637E+10  .7747E+01  .2949E-04  .3376E-06  .8499E-07
   1    4    6   0.2650E+10  .8063E+01  .2344E-04  .1288E-06  .3163E-07
   1    4    6   0.2913E+10  .8368E+01  .1895E-04  .2087E-07  .5705E-08
   1    4    6   0.2914E+10  .8945E+01  .1291E-04  .3376E-06  .8499E-07
   1    4    6   0.2976E+10  .9488E+01  .9191E-05  .2087E-07  .5705E-08
   1    4    6   0.2976E+10  .1000E+02  .6770E-05  .3376E-06  .8499E-07
   1    4    6   0.2996E+10  .1049E+02  .5132E-05  .2087E-07  .5705E-08
   1    4    6   0.2996E+10  .1096E+02  .3983E-05  .1075E-05  .2101E-06
   1    4    6   0.2996E+10  .1140E+02  .3153E-05  .3376E-06  .8499E-07
   1    4    6   0.2996E+10  .1183E+02  .2552E-05  .1288E-06  .3163E-07
   1    4    6   0.2999E+10  .1225E+02  .2075E-05  .2087E-07  .5705E-08
   1    4    6   0.2999E+10  .1265E+02  .1717E-05  .3376E-06  .8499E-07
   1    4    6   0.3001E+10  .1304E+02  .1436E-05  .2087E-07  .5705E-08
   1    4    6   0.3002E+10  .1342E+02  .1214E-05  .2087E-07  .5705E-08
   1    4    6   0.3002E+10  .1414E+02  .8890E-06  .1075E-05  .2101E-06
   1    4    6   0.3002E+10  .1483E+02  .6703E-06  .3376E-06  .8499E-07
   1    4    6   0.3002E+10  .1549E+02  .5181E-06  .1288E-06  .3163E-07
   1    4    6   0.3002E+10  .1613E+02  .4084E-06  .2087E-07  .5705E-08
   1    4    6   0.3002E+10  .1673E+02  .3275E-06  .2087E-07  .5705E-08
   1    4    6   0.3002E+10  .1732E+02  .2665E-06  .2087E-07  .5705E-08
   1    4    6   0.3002E+10  .1789E+02  .2197E-06  .2087E-07  .5705E-08
   1    4    6   0.3002E+10  .1844E+02  .1830E-06  .2087E-07  .5705E-08
   1    4    6   0.3002E+10  .1897E+02  .1545E-06  .2087E-07  .5705E-08
   1    4    6   0.3002E+10  .1949E+02  .1311E-06  .2087E-07  .5705E-08
   1    4    6   0.3002E+10  .2000E+02  .1124E-06  .2087E-07  .5705E-08


Scale =10

   1    4    3   0.4722E+07  .1300E+01  .9636E+00  .2984E-02  .4421E-03
   1    4    3   0.3230E+08  .1500E+01  .4510E+00  .1706E-02  .2490E-03
   1    4    3   0.5373E+08  .1581E+01  .3400E+00  .1097E-02  .1570E-03
   1    4    3   0.8180E+08  .1732E+01  .2087E+00  .6904E-03  .1043E-03
   1    4    3   0.1029E+09  .2000E+01  .9601E-01  .6904E-03  .1043E-03
   1    4    3   0.1081E+09  .2236E+01  .5238E-01  .3589E-03  .5423E-04
   1    4    3   0.1132E+09  .2449E+01  .3183E-01  .3589E-03  .5423E-04
   1    4    3   0.1158E+09  .2646E+01  .2084E-01  .1545E-03  .2168E-04
   1    4    3   0.1210E+09  .2828E+01  .1443E-01  .1545E-03  .2168E-04
   1    4    3   0.1235E+09  .3000E+01  .1042E-01  .1545E-03  .2168E-04
   1    4    3   0.1254E+09  .3162E+01  .7802E-02  .6361E-04  .9029E-05
   1    4    3   0.1297E+09  .3317E+01  .6047E-02  .6361E-04  .9029E-05
   1    4    3   0.1324E+09  .3464E+01  .4869E-02  .6361E-04  .9029E-05
   1    4    3   0.1341E+09  .3606E+01  .3914E-02  .6361E-04  .9029E-05
   1    4    3   0.1356E+09  .3742E+01  .3119E-02  .2670E-04  .3940E-05
   1    4    3   0.1392E+09  .3873E+01  .2548E-02  .2670E-04  .3940E-05
   1    4    3   0.1416E+09  .4000E+01  .2117E-02  .2670E-04  .3940E-05
   1    4    3   0.1433E+09  .4123E+01  .1781E-02  .2670E-04  .3940E-05
   1    4    3   0.1448E+09  .4243E+01  .1515E-02  .1318E-04  .2301E-05
   1    4    3   0.1481E+09  .4359E+01  .1299E-02  .6515E-05  .1232E-05
   1    4    3   0.1587E+09  .4472E+01  .1123E-02  .3033E-05  .5117E-06
   1    4    3   0.1919E+09  .5000E+01  .5967E-03  .1075E-05  .2101E-06
   1    4    3   0.2518E+09  .5477E+01  .3553E-03  .3376E-06  .8499E-07
   1    4    3   0.3965E+09  .5916E+01  .2288E-03  .1288E-06  .3163E-07
   1    4    3   0.8818E+09  .7071E+01  .8231E-04  .2087E-07  .5705E-08
   1    4    3   0.1994E+10  .7416E+01  .6253E-04  .1075E-05  .2101E-06
   1    4    3   0.1995E+10  .7746E+01  .4862E-04  .3376E-06  .8499E-07
   1    4    3   0.1998E+10  .8062E+01  .3856E-04  .1288E-06  .3163E-07
   1    4    3   0.2035E+10  .8367E+01  .3109E-04  .2087E-07  .5705E-08
   1    4    3   0.2195E+10  .8944E+01  .2109E-04  .3376E-06  .8499E-07
   1    4    3   0.2203E+10  .9487E+01  .1497E-04  .2087E-07  .5705E-08
   1    4    3   0.2240E+10  .1000E+02  .1100E-04  .3376E-06  .8499E-07
   1    4    3   0.2242E+10  .1049E+02  .8320E-05  .2087E-07  .5705E-08
   1    4    3   0.2254E+10  .1095E+02  .6445E-05  .1075E-05  .2101E-06
   1    4    3   0.2254E+10  .1140E+02  .5092E-05  .3376E-06  .8499E-07
   1    4    3   0.2254E+10  .1183E+02  .4093E-05  .1288E-06  .3163E-07
   1    4    3   0.2254E+10  .1225E+02  .3339E-05  .2087E-07  .5705E-08
   1    4    3   0.2256E+10  .1265E+02  .2760E-05  .3376E-06  .8499E-07
   1    4    3   0.2256E+10  .1304E+02  .2306E-05  .2087E-07  .5705E-08
   1    4    3   0.2257E+10  .1342E+02  .1947E-05  .2087E-07  .5705E-08
   1    4    3   0.2258E+10  .1414E+02  .1424E-05  .1075E-05  .2101E-06
   1    4    3   0.2258E+10  .1483E+02  .1073E-05  .3376E-06  .8499E-07
   1    4    3   0.2258E+10  .1549E+02  .8277E-06  .1288E-06  .3163E-07
   1    4    3   0.2258E+10  .1612E+02  .6509E-06  .2087E-07  .5705E-08
   1    4    3   0.2258E+10  .1673E+02  .5213E-06  .2087E-07  .5705E-08
   1    4    3   0.2258E+10  .1732E+02  .4240E-06  .2087E-07  .5705E-08
   1    4    3   0.2258E+10  .1789E+02  .3491E-06  .2087E-07  .5705E-08
   1    4    3   0.2258E+10  .1844E+02  .2909E-06  .2087E-07  .5705E-08
   1    4    3   0.2258E+10  .1897E+02  .2448E-06  .2087E-07  .5705E-08
   1    4    3   0.2258E+10  .1949E+02  .2080E-06  .2087E-07  .5705E-08
   1    4    3   0.2258E+10  .2000E+02  .1781E-06  .2087E-07  .5705E-08


   1    4    5   0.2776E+08  .1300E+01  .2125E+01  .2984E-02  .4421E-03
   1    4    5   0.4819E+08  .1500E+01  .9943E+00  .1706E-02  .2490E-03
   1    4    5   0.7656E+08  .1581E+01  .7512E+00  .1097E-02  .1570E-03
   1    4    5   0.1010E+09  .1735E+01  .4576E+00  .6904E-03  .1043E-03
   1    4    5   0.1069E+09  .2002E+01  .2113E+00  .6904E-03  .1043E-03
   1    4    5   0.1126E+09  .2238E+01  .1153E+00  .3589E-03  .5423E-04
   1    4    5   0.1148E+09  .2452E+01  .7026E-01  .3589E-03  .5423E-04
   1    4    5   0.1203E+09  .2648E+01  .4607E-01  .1545E-03  .2168E-04
   1    4    5   0.1231E+09  .2830E+01  .3194E-01  .1545E-03  .2168E-04
   1    4    5   0.1246E+09  .3002E+01  .2313E-01  .1545E-03  .2168E-04
   1    4    5   0.1291E+09  .3164E+01  .1741E-01  .6361E-04  .9029E-05
   1    4    5   0.1320E+09  .3318E+01  .1375E-01  .6361E-04  .9029E-05
   1    4    5   0.1338E+09  .3466E+01  .1086E-01  .6361E-04  .9029E-05
   1    4    5   0.1350E+09  .3607E+01  .8505E-02  .6361E-04  .9029E-05
   1    4    5   0.1386E+09  .3743E+01  .6859E-02  .2670E-04  .3940E-05
   1    4    5   0.1412E+09  .3874E+01  .5636E-02  .2670E-04  .3940E-05
   1    4    5   0.1430E+09  .4001E+01  .4697E-02  .2670E-04  .3940E-05
   1    4    5   0.1443E+09  .4124E+01  .3958E-02  .2670E-04  .3940E-05
   1    4    5   0.1469E+09  .4244E+01  .3370E-02  .1318E-04  .2301E-05
   1    4    5   0.1536E+09  .4360E+01  .2893E-02  .6515E-05  .1232E-05
   1    4    5   0.1826E+09  .4473E+01  .2503E-02  .3033E-05  .5117E-06
   1    4    5   0.2321E+09  .5001E+01  .1333E-02  .1075E-05  .2101E-06
   1    4    5   0.3395E+09  .5478E+01  .7964E-03  .3376E-06  .8499E-07
   1    4    5   0.6594E+09  .5917E+01  .5130E-03  .1288E-06  .3163E-07
   1    4    5   0.1936E+10  .7072E+01  .1853E-03  .2087E-07  .5705E-08
   1    4    5   0.1994E+10  .7417E+01  .1409E-03  .1075E-05  .2101E-06
   1    4    5   0.1996E+10  .7747E+01  .1097E-03  .3376E-06  .8499E-07
   1    4    5   0.2005E+10  .8063E+01  .8709E-04  .1288E-06  .3163E-07
   1    4    5   0.2187E+10  .8367E+01  .7031E-04  .2087E-07  .5705E-08
   1    4    5   0.2196E+10  .8945E+01  .4780E-04  .3376E-06  .8499E-07
   1    4    5   0.2238E+10  .9487E+01  .3392E-04  .2087E-07  .5705E-08
   1    4    5   0.2240E+10  .1000E+02  .2503E-04  .3376E-06  .8499E-07
   1    4    5   0.2253E+10  .1049E+02  .1895E-04  .2087E-07  .5705E-08
   1    4    5   0.2254E+10  .1095E+02  .1470E-04  .1075E-05  .2101E-06
   1    4    5   0.2254E+10  .1140E+02  .1163E-04  .3376E-06  .8499E-07
   1    4    5   0.2254E+10  .1183E+02  .9362E-05  .1288E-06  .3163E-07
   1    4    5   0.2256E+10  .1225E+02  .7650E-05  .2087E-07  .5705E-08
   1    4    5   0.2256E+10  .1265E+02  .6331E-05  .3376E-06  .8499E-07
   1    4    5   0.2257E+10  .1304E+02  .5294E-05  .2087E-07  .5705E-08
   1    4    5   0.2258E+10  .1342E+02  .4478E-05  .2087E-07  .5705E-08
   1    4    5   0.2258E+10  .1414E+02  .3283E-05  .1075E-05  .2101E-06
   1    4    5   0.2258E+10  .1483E+02  .2477E-05  .3376E-06  .8499E-07
   1    4    5   0.2258E+10  .1549E+02  .1915E-05  .1288E-06  .3163E-07
   1    4    5   0.2258E+10  .1612E+02  .1511E-05  .2087E-07  .5705E-08
   1    4    5   0.2258E+10  .1673E+02  .1212E-05  .2087E-07  .5705E-08
   1    4    5   0.2258E+10  .1732E+02  .9868E-06  .2087E-07  .5705E-08
   1    4    5   0.2258E+10  .1789E+02  .8143E-06  .2087E-07  .5705E-08
   1    4    5   0.2258E+10  .1844E+02  .6796E-06  .2087E-07  .5705E-08
   1    4    5   0.2258E+10  .1897E+02  .5731E-06  .2087E-07  .5705E-08
   1    4    5   0.2258E+10  .1949E+02  .4875E-06  .2087E-07  .5705E-08
   1    4    5   0.2258E+10  .2000E+02  .4182E-06  .2087E-07  .5705E-08


   1    4    6   0.2904E+08  .1301E+01  .5022E+00  .2984E-02  .4421E-03
   1    4    6   0.4906E+08  .1501E+01  .2350E+00  .1706E-02  .2490E-03
   1    4    6   0.7782E+08  .1582E+01  .1774E+00  .1097E-02  .1570E-03
   1    4    6   0.1020E+09  .1738E+01  .1072E+00  .6904E-03  .1043E-03
   1    4    6   0.1072E+09  .2005E+01  .4958E-01  .6904E-03  .1043E-03
   1    4    6   0.1128E+09  .2241E+01  .2711E-01  .3589E-03  .5423E-04
   1    4    6   0.1149E+09  .2454E+01  .1651E-01  .3589E-03  .5423E-04
   1    4    6   0.1205E+09  .2650E+01  .1082E-01  .1545E-03  .2168E-04
   1    4    6   0.1232E+09  .2832E+01  .7500E-02  .1545E-03  .2168E-04
   1    4    6   0.1247E+09  .3003E+01  .5422E-02  .1545E-03  .2168E-04
   1    4    6   0.1293E+09  .3165E+01  .4057E-02  .6361E-04  .9029E-05
   1    4    6   0.1321E+09  .3320E+01  .3125E-02  .6361E-04  .9029E-05
   1    4    6   0.1339E+09  .3467E+01  .2485E-02  .6361E-04  .9029E-05
   1    4    6   0.1350E+09  .3608E+01  .2048E-02  .6361E-04  .9029E-05
   1    4    6   0.1388E+09  .3744E+01  .1651E-02  .2670E-04  .3940E-05
   1    4    6   0.1414E+09  .3876E+01  .1340E-02  .2670E-04  .3940E-05
   1    4    6   0.1431E+09  .4002E+01  .1110E-02  .2670E-04  .3940E-05
   1    4    6   0.1444E+09  .4126E+01  .9328E-03  .2670E-04  .3940E-05
   1    4    6   0.1470E+09  .4245E+01  .7928E-03  .1318E-04  .2301E-05
   1    4    6   0.1539E+09  .4361E+01  .6798E-03  .6515E-05  .1232E-05
   1    4    6   0.1839E+09  .4474E+01  .5878E-03  .3033E-05  .5117E-06
   1    4    6   0.2343E+09  .5002E+01  .3124E-03  .1075E-05  .2101E-06
   1    4    6   0.3443E+09  .5479E+01  .1860E-03  .3376E-06  .8499E-07
   1    4    6   0.6737E+09  .5918E+01  .1199E-03  .1288E-06  .3163E-07
   1    4    6   0.1994E+10  .7072E+01  .4316E-04  .2087E-07  .5705E-08
   1    4    6   0.1994E+10  .7418E+01  .3280E-04  .1075E-05  .2101E-06
   1    4    6   0.1996E+10  .7747E+01  .2552E-04  .3376E-06  .8499E-07
   1    4    6   0.2006E+10  .8063E+01  .2023E-04  .1288E-06  .3163E-07
   1    4    6   0.2195E+10  .8368E+01  .1632E-04  .2087E-07  .5705E-08
   1    4    6   0.2196E+10  .8945E+01  .1107E-04  .3376E-06  .8499E-07
   1    4    6   0.2240E+10  .9488E+01  .7859E-05  .2087E-07  .5705E-08
   1    4    6   0.2240E+10  .1000E+02  .5776E-05  .3376E-06  .8499E-07
   1    4    6   0.2254E+10  .1049E+02  .4370E-05  .2087E-07  .5705E-08
   1    4    6   0.2254E+10  .1096E+02  .3385E-05  .1075E-05  .2101E-06
   1    4    6   0.2254E+10  .1140E+02  .2675E-05  .3376E-06  .8499E-07
   1    4    6   0.2254E+10  .1183E+02  .2150E-05  .1288E-06  .3163E-07
   1    4    6   0.2256E+10  .1225E+02  .1754E-05  .2087E-07  .5705E-08
   1    4    6   0.2256E+10  .1265E+02  .1450E-05  .3376E-06  .8499E-07
   1    4    6   0.2257E+10  .1304E+02  .1212E-05  .2087E-07  .5705E-08
   1    4    6   0.2258E+10  .1342E+02  .1023E-05  .2087E-07  .5705E-08
   1    4    6   0.2258E+10  .1414E+02  .7483E-06  .1075E-05  .2101E-06
   1    4    6   0.2258E+10  .1483E+02  .5636E-06  .3376E-06  .8499E-07
   1    4    6   0.2258E+10  .1549E+02  .4347E-06  .1288E-06  .3163E-07
   1    4    6   0.2258E+10  .1613E+02  .3421E-06  .2087E-07  .5705E-08
   1    4    6   0.2258E+10  .1673E+02  .2740E-06  .2087E-07  .5705E-08
   1    4    6   0.2258E+10  .1732E+02  .2227E-06  .2087E-07  .5705E-08
   1    4    6   0.2258E+10  .1789E+02  .1835E-06  .2087E-07  .5705E-08
   1    4    6   0.2258E+10  .1844E+02  .1528E-06  .2087E-07  .5705E-08
   1    4    6   0.2258E+10  .1897E+02  .1287E-06  .2087E-07  .5705E-08
   1    4    6   0.2258E+10  .1949E+02  .1093E-06  .2087E-07  .5705E-08
   1    4    6   0.2258E+10  .2000E+02  .9358E-07  .2087E-07  .5705E-08

