5   0.1604E+09  .2002E+01  .3133E+00  .6904E-03  .1043E-03
5   0.1736E+09  .2238E+01  .1779E+00  .3589E-03  .5423E-04
5   0.1791E+09  .2452E+01  .1108E+00  .3589E-03  .5423E-04
5   0.1930E+09  .2648E+01  .7366E-01  .1545E-03  .2168E-04
5   0.2004E+09  .2830E+01  .5159E-01  .1545E-03  .2168E-04
5   0.2042E+09  .3002E+01  .3745E-01  .1545E-03  .2168E-04
5   0.2159E+09  .3164E+01  .2811E-01  .6361E-04  .9029E-05
5   0.2232E+09  .3318E+01  .2168E-01  .6361E-04  .9029E-05
5   0.2277E+09  .3466E+01  .1704E-01  .6361E-04  .9029E-05
5   0.2306E+09  .3607E+01  .1366E-01  .6361E-04  .9029E-05
5   0.2402E+09  .3743E+01  .1112E-01  .2670E-04  .3940E-05
5   0.2470E+09  .3874E+01  .9163E-02  .2670E-04  .3940E-05
5   0.2518E+09  .4001E+01  .7649E-02  .2670E-04  .3940E-05
5   0.2552E+09  .4124E+01  .6453E-02  .2670E-04  .3940E-05
5   0.2621E+09  .4244E+01  .5492E-02  .1318E-04  .2301E-05
5   0.2799E+09  .4360E+01  .4721E-02  .6515E-05  .1232E-05
5   0.3568E+09  .4473E+01  .4086E-02  .3033E-05  .5117E-06
5   0.4872E+09  .5001E+01  .2166E-02  .1075E-05  .2101E-06
5   0.7677E+09  .5478E+01  .1289E-02  .3376E-06  .8499E-07
5   0.1599E+10  .5917E+01  .8285E-03  .1288E-06  .3163E-07
5   0.4890E+10  .7072E+01  .2978E-03  .2087E-07  .5705E-08
5   0.5035E+10  .7417E+01  .2266E-03  .1075E-05  .2101E-06
5   0.5040E+10  .7747E+01  .1767E-03  .3376E-06  .8499E-07
5   0.5064E+10  .8063E+01  .1398E-03  .1288E-06  .3163E-07
5   0.5531E+10  .8367E+01  .1128E-03  .2087E-07  .5705E-08
5   0.5552E+10  .8945E+01  .7656E-04  .3376E-06  .8499E-07
5   0.5661E+10  .9487E+01  .5461E-04  .2087E-07  .5705E-08
5   0.5666E+10  .1000E+02  .3985E-04  .3376E-06  .8499E-07
5   0.5699E+10  .1049E+02  .3012E-04  .2087E-07  .5705E-08
5   0.5700E+10  .1095E+02  .2334E-04  .1075E-05  .2101E-06
5   0.5701E+10  .1140E+02  .1844E-04  .3376E-06  .8499E-07
5   0.5701E+10  .1183E+02  .1481E-04  .1288E-06  .3163E-07
5   0.5706E+10  .1225E+02  .1208E-04  .2087E-07  .5705E-08
5   0.5706E+10  .1265E+02  .9976E-05  .3376E-06  .8499E-07
5   0.5709E+10  .1304E+02  .8335E-05  .2087E-07  .5705E-08
5   0.5711E+10  .1342E+02  .7035E-05  .2087E-07  .5705E-08
5   0.5711E+10  .1414E+02  .5144E-05  .1075E-05  .2101E-06
5   0.5711E+10  .1483E+02  .3871E-05  .3376E-06  .8499E-07
5   0.5711E+10  .1549E+02  .2984E-05  .1288E-06  .3163E-07
5   0.5711E+10  .1612E+02  .2348E-05  .2087E-07  .5705E-08
5   0.5711E+10  .1673E+02  .1881E-05  .2087E-07  .5705E-08
5   0.5711E+10  .1732E+02  .1529E-05  .2087E-07  .5705E-08
5   0.5711E+10  .1789E+02  .1260E-05  .2087E-07  .5705E-08
5   0.5711E+10  .1844E+02  .1050E-05  .2087E-07  .5705E-08
5   0.5711E+10  .1897E+02  .8840E-06  .2087E-07  .5705E-08
5   0.5711E+10  .1949E+02  .7507E-06  .2087E-07  .5705E-08
5   0.5711E+10  .2000E+02  .6427E-06  .2087E-07  .5705E-08

