5   .2002E+01   .1119E-01   .1248E+00   .2476E+00   .3959E+00 
5   .2238E+01   .5337E-02   .6759E-01   .1387E+00   .2273E+00 
5   .2452E+01   .2907E-02   .4077E-01   .8587E-01   .1435E+00 
5   .2648E+01   .1734E-02   .2645E-01   .5695E-01   .9663E-01 
5   .2830E+01   .1103E-02   .1812E-01   .3977E-01   .6837E-01 
5   .3002E+01   .7400E-03   .1297E-01   .2893E-01   .5032E-01 
5   .3164E+01   .5171E-03   .9606E-02   .2174E-01   .3818E-01 
5   .3318E+01   .3729E-03   .7300E-02   .1674E-01   .2968E-01 
5   .3466E+01   .2765E-03   .5680E-02   .1318E-01   .2356E-01 
5   .3607E+01   .2098E-03   .4507E-02   .1058E-01   .1904E-01 
5   .3743E+01   .1624E-03   .3637E-02   .8621E-02   .1562E-01 
5   .3874E+01   .1278E-03   .2978E-02   .7126E-02   .1299E-01 
5   .4001E+01   .1021E-03   .2469E-02   .5960E-02   .1092E-01 
5   .4124E+01   .8265E-04   .2068E-02   .5033E-02   .9274E-02 
5   .4244E+01   .6738E-04   .1744E-02   .4278E-02   .7924E-02 
5   .4360E+01   .5585E-04   .1491E-02   .3684E-02   .6856E-02 
5   .4473E+01   .4672E-04   .1285E-02   .3197E-02   .5976E-02 
5   .5001E+01   .2138E-04   .6724E-03   .1722E-02   .3280E-02 
5   .5478E+01   .1119E-04   .3939E-03   .1033E-02   .1999E-02 
5   .5917E+01   .6440E-05   .2503E-03   .6692E-03   .1312E-02 
5   .7072E+01   .1752E-05   .8706E-04   .2435E-03   .4919E-03 
5   .7417E+01   .1229E-05   .6552E-04   .1855E-03   .3777E-03 
5   .7747E+01   .8864E-06   .5052E-04   .1446E-03   .2966E-03 
5   .8063E+01   .6549E-06   .3975E-04   .1149E-03   .2373E-03 
5   .8367E+01   .4940E-06   .3181E-04   .9285E-04   .1929E-03 
5   .8945E+01   .2956E-06   .2128E-04   .6317E-04   .1327E-03 
5   .9487E+01   .1868E-06   .1491E-04   .4494E-04   .9530E-04 
5   .1000E+02   .1232E-06   .1084E-04   .3312E-04   .7086E-04 
5   .1049E+02   .8424E-07   .8114E-05   .2509E-04   .5410E-04 
5   .1095E+02   .5930E-07   .6225E-05   .1947E-04   .4227E-04 
5   .1140E+02   .4278E-07   .4877E-05   .1541E-04   .3368E-04 
5   .1183E+02   .3151E-07   .3889E-05   .1241E-04   .2728E-04 
5   .1225E+02   .2364E-07   .3149E-05   .1014E-04   .2242E-04 
5   .1265E+02   .1801E-07   .2584E-05   .8389E-05   .1866E-04 
5   .1304E+02   .1392E-07   .2146E-05   .7022E-05   .1569E-04 
5   .1342E+02   .1089E-07   .1800E-05   .5937E-05   .1333E-04 
5   .1414E+02   .6900E-08   .1301E-05   .4350E-05   .9854E-05 
5   .1483E+02   .4533E-08   .9690E-06   .3281E-05   .7494E-05 
5   .1549E+02   .3070E-08   .7402E-06   .2536E-05   .5834E-05 
5   .1612E+02   .2133E-08   .5775E-06   .2000E-05   .4633E-05 
5   .1673E+02   .1514E-08   .4588E-06   .1605E-05   .3741E-05 
5   .1732E+02   .1096E-08   .3701E-06   .1308E-05   .3065E-05 
5   .1789E+02   .8063E-09   .3027E-06   .1079E-05   .2544E-05 
5   .1844E+02   .6028E-09   .2505E-06   .9003E-06   .2133E-05 
5   .1897E+02   .4566E-09   .2094E-06   .7588E-06   .1807E-05 
5   .1949E+02   .3499E-09   .1768E-06   .6454E-06   .1544E-05 
5   .2000E+02   .2710E-09   .1505E-06   .5535E-06   .1330E-05 