5   0.9152E+08  .2002E+01  .2124E+00  .6904E-03  .1043E-03
5   0.9744E+08  .2238E+01  .1188E+00  .3589E-03  .5423E-04
5   0.9986E+08  .2452E+01  .7337E-01  .3589E-03  .5423E-04
5   0.1059E+09  .2648E+01  .4866E-01  .1545E-03  .2168E-04
5   0.1091E+09  .2830E+01  .3404E-01  .1545E-03  .2168E-04
5   0.1108E+09  .3002E+01  .2466E-01  .1545E-03  .2168E-04
5   0.1159E+09  .3164E+01  .1861E-01  .6361E-04  .9029E-05
5   0.1191E+09  .3318E+01  .1440E-01  .6361E-04  .9029E-05
5   0.1211E+09  .3466E+01  .1139E-01  .6361E-04  .9029E-05
5   0.1224E+09  .3607E+01  .9172E-02  .6361E-04  .9029E-05
5   0.1268E+09  .3743E+01  .7493E-02  .2670E-04  .3940E-05
5   0.1299E+09  .3874E+01  .6207E-02  .2670E-04  .3940E-05
5   0.1321E+09  .4001E+01  .5203E-02  .2670E-04  .3940E-05
5   0.1336E+09  .4124E+01  .4411E-02  .2670E-04  .3940E-05
5   0.1369E+09  .4244E+01  .3767E-02  .1318E-04  .2301E-05
5   0.1453E+09  .4360E+01  .3248E-02  .6515E-05  .1232E-05
5   0.1818E+09  .4473E+01  .2820E-02  .3033E-05  .5117E-06
5   0.2458E+09  .5001E+01  .1519E-02  .1075E-05  .2101E-06
5   0.3870E+09  .5478E+01  .9161E-03  .3376E-06  .8499E-07
5   0.8129E+09  .5917E+01  .5935E-03  .1288E-06  .3163E-07
5   0.2557E+10  .7072E+01  .2171E-03  .2087E-07  .5705E-08
5   0.2634E+10  .7417E+01  .1655E-03  .1075E-05  .2101E-06
5   0.2636E+10  .7747E+01  .1292E-03  .3376E-06  .8499E-07
5   0.2649E+10  .8063E+01  .1028E-03  .1288E-06  .3163E-07
5   0.2902E+10  .8367E+01  .8313E-04  .2087E-07  .5705E-08
5   0.2914E+10  .8945E+01  .5671E-04  .3376E-06  .8499E-07
5   0.2973E+10  .9487E+01  .4044E-04  .2087E-07  .5705E-08
5   0.2976E+10  .1000E+02  .2983E-04  .3376E-06  .8499E-07
5   0.2995E+10  .1049E+02  .2264E-04  .2087E-07  .5705E-08
5   0.2996E+10  .1095E+02  .1759E-04  .1075E-05  .2101E-06
5   0.2996E+10  .1140E+02  .1395E-04  .3376E-06  .8499E-07
5   0.2996E+10  .1183E+02  .1124E-04  .1288E-06  .3163E-07
5   0.2999E+10  .1225E+02  .9198E-05  .2087E-07  .5705E-08
5   0.2999E+10  .1265E+02  .7620E-05  .3376E-06  .8499E-07
5   0.3000E+10  .1304E+02  .6381E-05  .2087E-07  .5705E-08
5   0.3002E+10  .1342E+02  .5397E-05  .2087E-07  .5705E-08
5   0.3002E+10  .1414E+02  .3962E-05  .1075E-05  .2101E-06
5   0.3002E+10  .1483E+02  .2994E-05  .3376E-06  .8499E-07
5   0.3002E+10  .1549E+02  .2318E-05  .1288E-06  .3163E-07
5   0.3002E+10  .1612E+02  .1830E-05  .2087E-07  .5705E-08
5   0.3002E+10  .1673E+02  .1471E-05  .2087E-07  .5705E-08
5   0.3002E+10  .1732E+02  .1199E-05  .2087E-07  .5705E-08
5   0.3002E+10  .1789E+02  .9899E-06  .2087E-07  .5705E-08
5   0.3002E+10  .1844E+02  .8267E-06  .2087E-07  .5705E-08
5   0.3002E+10  .1897E+02  .6975E-06  .2087E-07  .5705E-08
5   0.3002E+10  .1949E+02  .5938E-06  .2087E-07  .5705E-08
5   0.3002E+10  .2000E+02  .5096E-06  .2087E-07  .5705E-08
