Data for 1/(2pi p_T) d^2sigma/(dy dp_T) mb/(GeV/c)^2 as a function of pT
for vector meson production (3=(K*+K*bar)/2; 5=omega; 6=phi) at
different sqrt(s) for central collisions |y| <=0.5, averaged over y range.

Model = Broken SU(3) model; Int.J.Mod.Phys. A32 (2017) no.33, 1750199.

Flavour    pT (GeV/c) root(s)=0.20, 	2.76,	     7.00         14.00 TeV
---------------------------------------------------------------------------
   3    .2000E+01  .4354E-02  	   .5456E-01 	   .1099E+00 	   .1768E+00 
   3    .2236E+01  .2053E-02  	   .2952E-01 	   .6160E-01 	   .1020E+00 
   3    .2449E+01  .1108E-02  	   .1779E-01 	   .3814E-01 	   .6424E-01 
   3    .2646E+01  .6537E-03  	   .1153E-01 	   .2529E-01 	   .4331E-01 
   3    .2828E+01  .4125E-03  	   .7894E-02 	   .1765E-01 	   .3063E-01 
   3    .3000E+01  .2743E-03  	   .5644E-02 	   .1284E-01 	   .2252E-01 
   3    .3162E+01  .1902E-03  	   .4178E-02 	   .9645E-02 	   .1708E-01 
   3    .3317E+01  .1361E-03  	   .3172E-02 	   .7425E-02 	   .1327E-01 
   3    .3464E+01  .1002E-03  	   .2466E-02 	   .5844E-02 	   .1053E-01 
   3    .3606E+01  .7551E-04  	   .1955E-02 	   .4686E-02 	   .8505E-02 
   3    .3742E+01  .5807E-04  	   .1576E-02 	   .3818E-02 	   .6977E-02 
   3    .3873E+01  .4543E-04  	   .1290E-02 	   .3154E-02 	   .5800E-02 
   3    .4000E+01  .3609E-04  	   .1069E-02 	   .2638E-02 	   .4877E-02 
   3    .4123E+01  .2903E-04  	   .8945E-03 	   .2226E-02 	   .4140E-02 
   3    .4243E+01  .2352E-04  	   .7529E-03 	   .1890E-02 	   .3534E-02 
   3    .4359E+01  .1938E-04  	   .6433E-03 	   .1627E-02 	   .3057E-02 
   3    .4472E+01  .1613E-04  	   .5540E-03 	   .1411E-02 	   .2664E-02 
   3    .5000E+01  .7201E-05  	   .2889E-03 	   .7589E-03 	   .1461E-02 
   3    .5477E+01  .3687E-05  	   .1687E-03 	   .4545E-03 	   .8899E-03 
   3    .5916E+01  .2079E-05  	   .1069E-03 	   .2941E-03 	   .5838E-03 
   3    .7071E+01  .5375E-06  	   .3691E-04 	   .1067E-03 	   .2186E-03 
   3    .7416E+01  .3714E-06  	   .2772E-04 	   .8118E-04 	   .1677E-03 
   3    .7746E+01  .2642E-06  	   .2133E-04 	   .6323E-04 	   .1317E-03 
   3    .8062E+01  .1926E-06  	   .1675E-04 	   .5022E-04 	   .1053E-03 
   3    .8367E+01  .1435E-06  	   .1337E-04 	   .4053E-04 	   .8555E-04 
   3    .8944E+01  .8382E-07 	   .8911E-05 	   .2753E-04 	   .5880E-04 
   3    .9487E+01  .5180E-07 	   .6224E-05 	   .1956E-04 	   .4221E-04 
   3    .1000E+02  .3347E-07 	   .4510E-05 	   .1439E-04 	   .3136E-04 
   3    .1049E+02  .2245E-07 	   .3365E-05 	   .1089E-04 	   .2393E-04 
   3    .1095E+02  .1551E-07 	   .2573E-05 	   .8435E-05 	   .1868E-04 
   3    .1140E+02  .1100E-07 	   .2010E-05 	   .6668E-05 	   .1488E-04 
   3    .1183E+02  .7966E-08 	   .1599E-05 	   .5363E-05 	   .1204E-04 
   3    .1225E+02  .5880E-08 	   .1291E-05 	   .4377E-05 	   .9890E-05 
   3    .1265E+02  .4413E-08 	   .1057E-05 	   .3618E-05 	   .8225E-05 
   3    .1304E+02  .3360E-08 	   .8754E-06 	   .3025E-05 	   .6916E-05 
   3    .1342E+02  .2592E-08	   .7327E-06 	   .2555E-05 	   .5872E-05 
   3    .1414E+02  .1598E-08	   .5269E-06 	   .1868E-05 	   .4335E-05 
   3    .1483E+02  .1023E-08	   .3908E-06 	   .1406E-05 	   .3293E-05 
   3    .1549E+02  .6760E-09	   .2973E-06 	   .1085E-05 	   .2561E-05 
   3    .1612E+02  .4588E-09	   .2310E-06 	   .8542E-06 	   .2032E-05 
   3    .1673E+02  .3186E-09	   .1828E-06 	   .6843E-06 	   .1640E-05 
   3    .1732E+02  .2257E-09	   .1470E-06 	   .5565E-06 	   .1342E-05 
   3    .1789E+02  .1626E-09	   .1198E-06 	   .4585E-06 	   .1113E-05 
   3    .1844E+02  .1192E-09	   .9875E-07 	   .3819E-06 	   .9326E-06 
   3    .1897E+02  .8858E-10	   .8230E-07 	   .3214E-06 	   .7893E-06 
   3    .1949E+02  .6663E-10	   .6924E-07 	   .2730E-06 	   .6738E-06 
   3    .2000E+02  .5068E-10	   .5876E-07 	   .2337E-06 	   .5799E-06 
			
			
   5    .2002E+01  .1119E-01  	   .1248E+00 	   .2476E+00 	   .3959E+00 
   5    .2238E+01  .5337E-02  	   .6759E-01 	   .1387E+00 	   .2273E+00 
   5    .2452E+01  .2907E-02  	   .4077E-01 	   .8587E-01 	   .1435E+00 
   5    .2648E+01  .1734E-02  	   .2645E-01 	   .5695E-01 	   .9663E-01 
   5    .2830E+01  .1103E-02  	   .1812E-01 	   .3977E-01 	   .6837E-01 
   5    .3002E+01  .7400E-03  	   .1297E-01 	   .2893E-01 	   .5032E-01 
   5    .3164E+01  .5171E-03  	   .9606E-02 	   .2174E-01 	   .3818E-01 
   5    .3318E+01  .3729E-03  	   .7300E-02 	   .1674E-01 	   .2968E-01 
   5    .3466E+01  .2765E-03  	   .5680E-02 	   .1318E-01 	   .2356E-01 
   5    .3607E+01  .2098E-03  	   .4507E-02 	   .1058E-01 	   .1904E-01 
   5    .3743E+01  .1624E-03  	   .3637E-02 	   .8621E-02 	   .1562E-01 
   5    .3874E+01  .1278E-03  	   .2978E-02 	   .7126E-02 	   .1299E-01 
   5    .4001E+01  .1021E-03  	   .2469E-02 	   .5960E-02 	   .1092E-01 
   5    .4124E+01  .8265E-04  	   .2068E-02 	   .5033E-02 	   .9274E-02 
   5    .4244E+01  .6738E-04  	   .1744E-02 	   .4278E-02 	   .7924E-02 
   5    .4360E+01  .5585E-04  	   .1491E-02 	   .3684E-02 	   .6856E-02 
   5    .4473E+01  .4672E-04  	   .1285E-02 	   .3197E-02 	   .5976E-02 
   5    .5001E+01  .2138E-04 	   .6724E-03 	   .1722E-02 	   .3280E-02 
   5    .5478E+01  .1119E-04	   .3939E-03 	   .1033E-02 	   .1999E-02 
   5    .5917E+01  .6440E-05  	   .2503E-03 	   .6692E-03 	   .1312E-02 
   5    .7072E+01  .1752E-05 	   .8706E-04 	   .2435E-03 	   .4919E-03 
   5    .7417E+01  .1229E-05	   .6552E-04 	   .1855E-03 	   .3777E-03 
   5    .7747E+01  .8864E-06	   .5052E-04 	   .1446E-03 	   .2966E-03 
   5    .8063E+01  .6549E-06  	   .3975E-04 	   .1149E-03 	   .2373E-03 
   5    .8367E+01  .4940E-06 	   .3181E-04 	   .9285E-04 	   .1929E-03 
   5    .8945E+01  .2956E-06	   .2128E-04 	   .6317E-04 	   .1327E-03 
   5    .9487E+01  .1868E-06  	   .1491E-04 	   .4494E-04 	   .9530E-04 
   5    .1000E+02  .1232E-06 	   .1084E-04 	   .3312E-04 	   .7086E-04 
   5    .1049E+02  .8424E-07	   .8114E-05 	   .2509E-04 	   .5410E-04 
   5    .1095E+02  .5930E-07  	   .6225E-05 	   .1947E-04 	   .4227E-04 
   5    .1140E+02  .4278E-07 	   .4877E-05 	   .1541E-04 	   .3368E-04 
   5    .1183E+02  .3151E-07	   .3889E-05 	   .1241E-04 	   .2728E-04 
   5    .1225E+02  .2364E-07  	   .3149E-05 	   .1014E-04 	   .2242E-04 
   5    .1265E+02  .1801E-07 	   .2584E-05 	   .8389E-05 	   .1866E-04 
   5    .1304E+02  .1392E-07	   .2146E-05 	   .7022E-05 	   .1569E-04 
   5    .1342E+02  .1089E-07  	   .1800E-05 	   .5937E-05 	   .1333E-04 
   5    .1414E+02  .6900E-08 	   .1301E-05 	   .4350E-05 	   .9854E-05 
   5    .1483E+02  .4533E-08	   .9690E-06 	   .3281E-05 	   .7494E-05 
   5    .1549E+02  .3070E-08  	   .7402E-06 	   .2536E-05 	   .5834E-05 
   5    .1612E+02  .2133E-08 	   .5775E-06 	   .2000E-05 	   .4633E-05 
   5    .1673E+02  .1514E-08	   .4588E-06 	   .1605E-05 	   .3741E-05 
   5    .1732E+02  .1096E-08 	   .3701E-06 	   .1308E-05 	   .3065E-05 
   5    .1789E+02  .8063E-09	   .3027E-06 	   .1079E-05 	   .2544E-05 
   5    .1844E+02  .6028E-09 	   .2505E-06 	   .9003E-06 	   .2133E-05 
   5    .1897E+02  .4566E-09 	   .2094E-06 	   .7588E-06 	   .1807E-05 
   5    .1949E+02  .3499E-09 	   .1768E-06 	   .6454E-06 	   .1544E-05 
   5    .2000E+02  .2710E-09 	   .1505E-06 	   .5535E-06 	   .1330E-05 
			
			
   6    .2005E+01  .2178E-02 	   .2792E-01 	   .5645E-01 	   .9124E-01 
   6    .2241E+01  .1030E-02	   .1515E-01 	   .3172E-01 	   .5251E-01 
   6    .2454E+01  .5562E-03  	   .9151E-02 	   .1968E-01 	   .3324E-01 
   6    .2650E+01  .3285E-03  	   .5941E-02 	   .1307E-01 	   .2243E-01 
   6    .2832E+01  .2073E-03  	   .4072E-02 	   .9132E-02 	   .1587E-01 
   6    .3003E+01  .1379E-03  	   .2915E-02 	   .6647E-02 	   .1168E-01 
   6    .3165E+01  .9561E-04  	   .2159E-02 	   .4998E-02 	   .8866E-02 
   6    .3320E+01  .6840E-04  	   .1640E-02 	   .3850E-02 	   .6892E-02 
   6    .3467E+01  .5033E-04  	   .1276E-02 	   .3032E-02 	   .5473E-02 
   6    .3608E+01  .3792E-04  	   .1012E-02 	   .2433E-02 	   .4423E-02 
   6    .3744E+01  .2915E-04  	   .8164E-03 	   .1983E-02 	   .3630E-02 
   6    .3876E+01  .2280E-04  	   .6682E-03 	   .1639E-02 	   .3019E-02 
   6    .4002E+01  .1810E-04  	   .5539E-03 	   .1371E-02 	   .2539E-02 
   6    .4126E+01  .1455E-04  	   .4637E-03 	   .1158E-02 	   .2156E-02 
   6    .4245E+01  .1178E-04  	   .3902E-03 	   .9826E-03 	   .1840E-02 
   6    .4361E+01  .9707E-05  	   .3335E-03 	   .8462E-03 	   .1592E-02 
   6    .4474E+01  .8072E-05  	   .2872E-03 	   .7341E-03 	   .1388E-02 
   6    .5002E+01  .3597E-05  	   .1499E-03 	   .3951E-03 	   .7618E-03 
   6    .5479E+01  .1838E-05  	   .8758E-04 	   .2368E-03 	   .4642E-03 
   6    .5918E+01  .1035E-05  	   .5552E-04 	   .1533E-03 	   .3047E-03 
   6    .7072E+01  .2663E-06  	   .1918E-04 	   .5567E-04 	   .1142E-03 
   6    .7418E+01  .1838E-06 	   .1440E-04 	   .4237E-04 	   .8766E-04 
   6    .7747E+01  .1306E-06  	   .1108E-04 	   .3301E-04 	   .6883E-04 
   6    .8063E+01  .9510E-07  	   .8703E-05 	   .2623E-04 	   .5506E-04 
   6    .8368E+01  .7075E-07  	   .6950E-05 	   .2117E-04 	   .4474E-04 
   6    .8945E+01  .4126E-07  	   .4631E-05 	   .1438E-04 	   .3076E-04 
   6    .9488E+01  .2547E-07  	   .3235E-05 	   .1022E-04 	   .2209E-04 
   6    .1000E+02  .1643E-07  	   .2344E-05 	   .7522E-05 	   .1642E-04 
   6    .1049E+02  .1101E-07  	   .1749E-05 	   .5691E-05 	   .1253E-04 
   6    .1096E+02  .7601E-08  	   .1337E-05 	   .4410E-05 	   .9784E-05 
   6    .1140E+02  .5384E-08  	   .1045E-05 	   .3487E-05 	   .7792E-05 
   6    .1183E+02  .3898E-08  	   .8306E-06 	   .2804E-05 	   .6309E-05 
   6    .1225E+02  .2876E-08  	   .6707E-06 	   .2289E-05 	   .5183E-05 
   6    .1265E+02  .2157E-08  	   .5490E-06 	   .1893E-05 	   .4311E-05 
   6    .1304E+02  .1642E-08  	   .4547E-06 	   .1583E-05 	   .3625E-05 
   6    .1342E+02  .1266E-08  	   .3805E-06 	   .1337E-05 	   .3078E-05 
   6    .1414E+02  .7805E-09  	   .2736E-06 	   .9774E-06 	   .2273E-05 
   6    .1483E+02  .4998E-09  	   .2029E-06 	   .7360E-06 	   .1727E-05 
   6    .1549E+02  .3304E-09  	   .1543E-06 	   .5678E-06 	   .1344E-05 
   6    .1613E+02  .2243E-09  	   .1199E-06 	   .4470E-06 	   .1066E-05 
   6    .1673E+02  .1559E-09  	   .9483E-07 	   .3582E-06 	   .8605E-06 
   6    .1732E+02  .1105E-09  	   .7621E-07 	   .2913E-06 	   .7046E-06 
   6    .1789E+02  .7971E-10  	   .6210E-07 	   .2400E-06 	   .5843E-06 
   6    .1844E+02  .5848E-10  	   .5118E-07 	   .1999E-06 	   .4897E-06 
   6    .1897E+02  .4351E-10  	   .4264E-07 	   .1683E-06 	   .4144E-06 
   6    .1949E+02  .3277E-10  	   .3587E-07 	   .1429E-06 	   .3539E-06 
   6    .2000E+02  .2496E-10  	   .3043E-07 	   .1224E-06 	   .3046E-06 
	 		
			
